<?xml version="1.0" encoding="UTF-8"?>
<!-- Generated by org.testng.reporters.JUnitXMLReporter -->
<testsuite ignored="0" hostname="INI29624" failures="0" tests="3" name="Default test" time="81.073" errors="0" timestamp="2022-02-25T12:25:36 IST">
  <testcase classname="HMS.AdminLogin.VisitorTest" name="visitorpagerun" time="5.259"/>
  <testcase classname="HMS.AdminLogin.VisitorTest" name="visitorpagerun" time="5.042"/>
  <testcase classname="HMS.AdminLogin.VisitorTest" name="visitorpagerun" time="5.071"/>
</testsuite> <!-- Default test -->
