<?xml version="1.0" encoding="UTF-8"?>
<!-- Generated by org.testng.reporters.JUnitXMLReporter -->
<testsuite ignored="0" hostname="INI29624" failures="0" tests="7" name="Test" time="151.445" errors="0" timestamp="2022-02-25T12:45:04 IST">
  <testcase classname="HMS.AdminLogin.LoginTest" name="loginpagetest" time="9.999"/>
  <testcase classname="HMS.AdminLogin.DashboardTest" name="Dashboardcheck" time="0.694"/>
  <testcase classname="HMS.AdminLogin.FrontofficeTest" name="frontofficerun" time="2.735"/>
  <testcase classname="HMS.AdminLogin.VisitorTest" name="visitorpagerun" time="5.142"/>
  <testcase classname="HMS.AdminLogin.VisitorTest" name="visitorpagerun" time="5.034"/>
  <testcase classname="HMS.AdminLogin.VisitorTest" name="visitorpagerun" time="5.041"/>
  <testcase classname="HMS.AdminLogin.AddappTest" name="addapprunpage" time="0.622"/>
</testsuite> <!-- Test -->
